** Daemonized, any open files are closed.  Look at tmp/pids/mongrel.5000.pid and log/mongrel.5000.log for info.
** Starting Mongrel listening at 127.0.0.1:5000
** Starting Rails with production environment...
** Rails loaded.
** Loading any Rails specific GemPlugins
** Signals ready.  TERM => stop.  USR2 => restart.  INT => stop (no restart).
** Rails signals registered.  HUP => reload (without restart).  It might not work well.
** Mongrel 1.1.5 available at 127.0.0.1:5000
** Writing PID file to tmp/pids/mongrel.5000.pid
** TERM signal received.
Loaded suite /usr/local/rvm/gems/ruby-1.8.7-p334/bin/mongrel_rails
Started

Finished in 0.000327 seconds.

0 tests, 0 assertions, 0 failures, 0 errors
** Daemonized, any open files are closed.  Look at tmp/pids/mongrel.5000.pid and log/mongrel.5000.log for info.
** Starting Mongrel listening at 127.0.0.1:5000
** Starting Rails with production environment...
** Rails loaded.
** Loading any Rails specific GemPlugins
** Signals ready.  TERM => stop.  USR2 => restart.  INT => stop (no restart).
** Rails signals registered.  HUP => reload (without restart).  It might not work well.
** Mongrel 1.1.5 available at 127.0.0.1:5000
** Writing PID file to tmp/pids/mongrel.5000.pid
** TERM signal received.
Loaded suite /usr/local/rvm/gems/ruby-1.8.7-p334/bin/mongrel_rails
Started

Finished in 0.000207 seconds.

0 tests, 0 assertions, 0 failures, 0 errors
** Daemonized, any open files are closed.  Look at tmp/pids/mongrel.5000.pid and log/mongrel.5000.log for info.
** Starting Mongrel listening at 64.207.149.80:5000
** Starting Rails with production environment...
** Rails loaded.
** Loading any Rails specific GemPlugins
** Signals ready.  TERM => stop.  USR2 => restart.  INT => stop (no restart).
** Rails signals registered.  HUP => reload (without restart).  It might not work well.
** Mongrel 1.1.5 available at 64.207.149.80:5000
** Writing PID file to tmp/pids/mongrel.5000.pid
** TERM signal received.
Loaded suite /usr/local/rvm/gems/ruby-1.8.7-p334/bin/mongrel_rails
Started

Finished in 0.000356 seconds.

0 tests, 0 assertions, 0 failures, 0 errors
** Daemonized, any open files are closed.  Look at tmp/pids/mongrel.5000.pid and log/mongrel.5000.log for info.
** Starting Mongrel listening at 127.0.0.1:5000
** Starting Rails with production environment...
** Daemonized, any open files are closed.  Look at tmp/pids/mongrel.5000.pid and log/mongrel.5000.log for info.
** Starting Mongrel listening at 127.0.0.1:5000
/usr/local/rvm/gems/ruby-1.8.7-p334/gems/mongrel-1.1.5/bin/../lib/mongrel/tcphack.rb:12:in `initialize_without_backlog': Address already in use - bind(2) (Errno::EADDRINUSE)
	from /usr/local/rvm/gems/ruby-1.8.7-p334/gems/mongrel-1.1.5/bin/../lib/mongrel/tcphack.rb:12:in `initialize'
	from /usr/local/rvm/gems/ruby-1.8.7-p334/gems/mongrel-1.1.5/bin/../lib/mongrel.rb:93:in `new'
	from /usr/local/rvm/gems/ruby-1.8.7-p334/gems/mongrel-1.1.5/bin/../lib/mongrel.rb:93:in `initialize'
	from /usr/local/rvm/gems/ruby-1.8.7-p334/gems/mongrel-1.1.5/bin/../lib/mongrel/configurator.rb:139:in `new'
	from /usr/local/rvm/gems/ruby-1.8.7-p334/gems/mongrel-1.1.5/bin/../lib/mongrel/configurator.rb:139:in `listener'
	from /usr/local/rvm/gems/ruby-1.8.7-p334/gems/mongrel-1.1.5/bin/mongrel_rails:99:in `cloaker_'
	from /usr/local/rvm/gems/ruby-1.8.7-p334/gems/mongrel-1.1.5/bin/../lib/mongrel/configurator.rb:50:in `call'
	from /usr/local/rvm/gems/ruby-1.8.7-p334/gems/mongrel-1.1.5/bin/../lib/mongrel/configurator.rb:50:in `initialize'
	from /usr/local/rvm/gems/ruby-1.8.7-p334/gems/mongrel-1.1.5/bin/mongrel_rails:84:in `new'
	from /usr/local/rvm/gems/ruby-1.8.7-p334/gems/mongrel-1.1.5/bin/mongrel_rails:84:in `run'
	from /usr/local/rvm/gems/ruby-1.8.7-p334/gems/mongrel-1.1.5/bin/../lib/mongrel/command.rb:212:in `run'
	from /usr/local/rvm/gems/ruby-1.8.7-p334/gems/mongrel-1.1.5/bin/mongrel_rails:281
	from /usr/local/rvm/gems/ruby-1.8.7-p334/bin/mongrel_rails:19:in `load'
	from /usr/local/rvm/gems/ruby-1.8.7-p334/bin/mongrel_rails:19
** Rails loaded.
** Loading any Rails specific GemPlugins
** Signals ready.  TERM => stop.  USR2 => restart.  INT => stop (no restart).
** Rails signals registered.  HUP => reload (without restart).  It might not work well.
** Mongrel 1.1.5 available at 127.0.0.1:5000
** Writing PID file to tmp/pids/mongrel.5000.pid
** TERM signal received.
Loaded suite /usr/local/rvm/gems/ruby-1.8.7-p334/bin/mongrel_rails
Started

Finished in 0.000199 seconds.

0 tests, 0 assertions, 0 failures, 0 errors
** Daemonized, any open files are closed.  Look at tmp/pids/mongrel.5000.pid and log/mongrel.5000.log for info.
** Starting Mongrel listening at 64.207.149.80:5000
** Starting Rails with production environment...
** Daemonized, any open files are closed.  Look at tmp/pids/mongrel.5000.pid and log/mongrel.5000.log for info.
** Starting Mongrel listening at 64.207.149.80:5000
/usr/local/rvm/gems/ruby-1.8.7-p334/gems/mongrel-1.1.5/bin/../lib/mongrel/tcphack.rb:12:in `initialize_without_backlog': Address already in use - bind(2) (Errno::EADDRINUSE)
	from /usr/local/rvm/gems/ruby-1.8.7-p334/gems/mongrel-1.1.5/bin/../lib/mongrel/tcphack.rb:12:in `initialize'
	from /usr/local/rvm/gems/ruby-1.8.7-p334/gems/mongrel-1.1.5/bin/../lib/mongrel.rb:93:in `new'
	from /usr/local/rvm/gems/ruby-1.8.7-p334/gems/mongrel-1.1.5/bin/../lib/mongrel.rb:93:in `initialize'
	from /usr/local/rvm/gems/ruby-1.8.7-p334/gems/mongrel-1.1.5/bin/../lib/mongrel/configurator.rb:139:in `new'
	from /usr/local/rvm/gems/ruby-1.8.7-p334/gems/mongrel-1.1.5/bin/../lib/mongrel/configurator.rb:139:in `listener'
	from /usr/local/rvm/gems/ruby-1.8.7-p334/gems/mongrel-1.1.5/bin/mongrel_rails:99:in `cloaker_'
	from /usr/local/rvm/gems/ruby-1.8.7-p334/gems/mongrel-1.1.5/bin/../lib/mongrel/configurator.rb:50:in `call'
	from /usr/local/rvm/gems/ruby-1.8.7-p334/gems/mongrel-1.1.5/bin/../lib/mongrel/configurator.rb:50:in `initialize'
	from /usr/local/rvm/gems/ruby-1.8.7-p334/gems/mongrel-1.1.5/bin/mongrel_rails:84:in `new'
	from /usr/local/rvm/gems/ruby-1.8.7-p334/gems/mongrel-1.1.5/bin/mongrel_rails:84:in `run'
	from /usr/local/rvm/gems/ruby-1.8.7-p334/gems/mongrel-1.1.5/bin/../lib/mongrel/command.rb:212:in `run'
	from /usr/local/rvm/gems/ruby-1.8.7-p334/gems/mongrel-1.1.5/bin/mongrel_rails:281
	from /usr/local/rvm/gems/ruby-1.8.7-p334/bin/mongrel_rails:19:in `load'
	from /usr/local/rvm/gems/ruby-1.8.7-p334/bin/mongrel_rails:19
** Rails loaded.
** Loading any Rails specific GemPlugins
** Signals ready.  TERM => stop.  USR2 => restart.  INT => stop (no restart).
** Rails signals registered.  HUP => reload (without restart).  It might not work well.
** Mongrel 1.1.5 available at 64.207.149.80:5000
** Writing PID file to tmp/pids/mongrel.5000.pid
** TERM signal received.
Loaded suite /usr/local/rvm/gems/ruby-1.8.7-p334/bin/mongrel_rails
Started

Finished in 0.000199 seconds.

0 tests, 0 assertions, 0 failures, 0 errors
** Daemonized, any open files are closed.  Look at tmp/pids/mongrel.5000.pid and log/mongrel.5000.log for info.
** Starting Mongrel listening at 64.207.149.80:5000
** Starting Rails with production environment...
** Daemonized, any open files are closed.  Look at tmp/pids/mongrel.5000.pid and log/mongrel.5000.log for info.
** Starting Mongrel listening at 64.207.149.80:5000
/usr/local/rvm/gems/ruby-1.8.7-p334/gems/mongrel-1.1.5/bin/../lib/mongrel/tcphack.rb:12:in `initialize_without_backlog': Address already in use - bind(2) (Errno::EADDRINUSE)
	from /usr/local/rvm/gems/ruby-1.8.7-p334/gems/mongrel-1.1.5/bin/../lib/mongrel/tcphack.rb:12:in `initialize'
	from /usr/local/rvm/gems/ruby-1.8.7-p334/gems/mongrel-1.1.5/bin/../lib/mongrel.rb:93:in `new'
	from /usr/local/rvm/gems/ruby-1.8.7-p334/gems/mongrel-1.1.5/bin/../lib/mongrel.rb:93:in `initialize'
	from /usr/local/rvm/gems/ruby-1.8.7-p334/gems/mongrel-1.1.5/bin/../lib/mongrel/configurator.rb:139:in `new'
	from /usr/local/rvm/gems/ruby-1.8.7-p334/gems/mongrel-1.1.5/bin/../lib/mongrel/configurator.rb:139:in `listener'
	from /usr/local/rvm/gems/ruby-1.8.7-p334/gems/mongrel-1.1.5/bin/mongrel_rails:99:in `cloaker_'
	from /usr/local/rvm/gems/ruby-1.8.7-p334/gems/mongrel-1.1.5/bin/../lib/mongrel/configurator.rb:50:in `call'
	from /usr/local/rvm/gems/ruby-1.8.7-p334/gems/mongrel-1.1.5/bin/../lib/mongrel/configurator.rb:50:in `initialize'
	from /usr/local/rvm/gems/ruby-1.8.7-p334/gems/mongrel-1.1.5/bin/mongrel_rails:84:in `new'
	from /usr/local/rvm/gems/ruby-1.8.7-p334/gems/mongrel-1.1.5/bin/mongrel_rails:84:in `run'
	from /usr/local/rvm/gems/ruby-1.8.7-p334/gems/mongrel-1.1.5/bin/../lib/mongrel/command.rb:212:in `run'
	from /usr/local/rvm/gems/ruby-1.8.7-p334/gems/mongrel-1.1.5/bin/mongrel_rails:281
	from /usr/local/rvm/gems/ruby-1.8.7-p334/bin/mongrel_rails:19:in `load'
	from /usr/local/rvm/gems/ruby-1.8.7-p334/bin/mongrel_rails:19
** Rails loaded.
** Loading any Rails specific GemPlugins
** Signals ready.  TERM => stop.  USR2 => restart.  INT => stop (no restart).
** Rails signals registered.  HUP => reload (without restart).  It might not work well.
** Mongrel 1.1.5 available at 64.207.149.80:5000
** Writing PID file to tmp/pids/mongrel.5000.pid
** TERM signal received.
Loaded suite /usr/local/rvm/gems/ruby-1.8.7-p334/bin/mongrel_rails
Started

Finished in 0.00024 seconds.

0 tests, 0 assertions, 0 failures, 0 errors
** Daemonized, any open files are closed.  Look at tmp/pids/mongrel.5000.pid and log/mongrel.5000.log for info.
** Starting Mongrel listening at 127.0.0.1:5000
** Starting Rails with production environment...
** Daemonized, any open files are closed.  Look at tmp/pids/mongrel.5000.pid and log/mongrel.5000.log for info.
** Starting Mongrel listening at 127.0.0.1:5000
/usr/local/rvm/gems/ruby-1.8.7-p334/gems/mongrel-1.1.5/bin/../lib/mongrel/tcphack.rb:12:in `initialize_without_backlog': Address already in use - bind(2) (Errno::EADDRINUSE)
	from /usr/local/rvm/gems/ruby-1.8.7-p334/gems/mongrel-1.1.5/bin/../lib/mongrel/tcphack.rb:12:in `initialize'
	from /usr/local/rvm/gems/ruby-1.8.7-p334/gems/mongrel-1.1.5/bin/../lib/mongrel.rb:93:in `new'
	from /usr/local/rvm/gems/ruby-1.8.7-p334/gems/mongrel-1.1.5/bin/../lib/mongrel.rb:93:in `initialize'
	from /usr/local/rvm/gems/ruby-1.8.7-p334/gems/mongrel-1.1.5/bin/../lib/mongrel/configurator.rb:139:in `new'
	from /usr/local/rvm/gems/ruby-1.8.7-p334/gems/mongrel-1.1.5/bin/../lib/mongrel/configurator.rb:139:in `listener'
	from /usr/local/rvm/gems/ruby-1.8.7-p334/gems/mongrel-1.1.5/bin/mongrel_rails:99:in `cloaker_'
	from /usr/local/rvm/gems/ruby-1.8.7-p334/gems/mongrel-1.1.5/bin/../lib/mongrel/configurator.rb:50:in `call'
	from /usr/local/rvm/gems/ruby-1.8.7-p334/gems/mongrel-1.1.5/bin/../lib/mongrel/configurator.rb:50:in `initialize'
	from /usr/local/rvm/gems/ruby-1.8.7-p334/gems/mongrel-1.1.5/bin/mongrel_rails:84:in `new'
	from /usr/local/rvm/gems/ruby-1.8.7-p334/gems/mongrel-1.1.5/bin/mongrel_rails:84:in `run'
	from /usr/local/rvm/gems/ruby-1.8.7-p334/gems/mongrel-1.1.5/bin/../lib/mongrel/command.rb:212:in `run'
	from /usr/local/rvm/gems/ruby-1.8.7-p334/gems/mongrel-1.1.5/bin/mongrel_rails:281
	from /usr/local/rvm/gems/ruby-1.8.7-p334/bin/mongrel_rails:19:in `load'
	from /usr/local/rvm/gems/ruby-1.8.7-p334/bin/mongrel_rails:19
** Rails loaded.
** Loading any Rails specific GemPlugins
** Signals ready.  TERM => stop.  USR2 => restart.  INT => stop (no restart).
** Rails signals registered.  HUP => reload (without restart).  It might not work well.
** Mongrel 1.1.5 available at 127.0.0.1:5000
** Writing PID file to tmp/pids/mongrel.5000.pid
** TERM signal received.
Loaded suite /usr/local/rvm/gems/ruby-1.8.7-p334/bin/mongrel_rails
Started

Finished in 0.000252 seconds.

0 tests, 0 assertions, 0 failures, 0 errors
** Daemonized, any open files are closed.  Look at tmp/pids/mongrel.5000.pid and log/mongrel.5000.log for info.
** Starting Mongrel listening at 127.0.0.1:5000
** Starting Rails with production environment...
** Daemonized, any open files are closed.  Look at tmp/pids/mongrel.5000.pid and log/mongrel.5000.log for info.
** Starting Mongrel listening at 127.0.0.1:5000
/usr/local/rvm/gems/ruby-1.8.7-p334/gems/mongrel-1.1.5/bin/../lib/mongrel/tcphack.rb:12:in `initialize_without_backlog': Address already in use - bind(2) (Errno::EADDRINUSE)
	from /usr/local/rvm/gems/ruby-1.8.7-p334/gems/mongrel-1.1.5/bin/../lib/mongrel/tcphack.rb:12:in `initialize'
	from /usr/local/rvm/gems/ruby-1.8.7-p334/gems/mongrel-1.1.5/bin/../lib/mongrel.rb:93:in `new'
	from /usr/local/rvm/gems/ruby-1.8.7-p334/gems/mongrel-1.1.5/bin/../lib/mongrel.rb:93:in `initialize'
	from /usr/local/rvm/gems/ruby-1.8.7-p334/gems/mongrel-1.1.5/bin/../lib/mongrel/configurator.rb:139:in `new'
	from /usr/local/rvm/gems/ruby-1.8.7-p334/gems/mongrel-1.1.5/bin/../lib/mongrel/configurator.rb:139:in `listener'
	from /usr/local/rvm/gems/ruby-1.8.7-p334/gems/mongrel-1.1.5/bin/mongrel_rails:99:in `cloaker_'
	from /usr/local/rvm/gems/ruby-1.8.7-p334/gems/mongrel-1.1.5/bin/../lib/mongrel/configurator.rb:50:in `call'
	from /usr/local/rvm/gems/ruby-1.8.7-p334/gems/mongrel-1.1.5/bin/../lib/mongrel/configurator.rb:50:in `initialize'
	from /usr/local/rvm/gems/ruby-1.8.7-p334/gems/mongrel-1.1.5/bin/mongrel_rails:84:in `new'
	from /usr/local/rvm/gems/ruby-1.8.7-p334/gems/mongrel-1.1.5/bin/mongrel_rails:84:in `run'
	from /usr/local/rvm/gems/ruby-1.8.7-p334/gems/mongrel-1.1.5/bin/../lib/mongrel/command.rb:212:in `run'
	from /usr/local/rvm/gems/ruby-1.8.7-p334/gems/mongrel-1.1.5/bin/mongrel_rails:281
	from /usr/local/rvm/gems/ruby-1.8.7-p334/bin/mongrel_rails:19:in `load'
	from /usr/local/rvm/gems/ruby-1.8.7-p334/bin/mongrel_rails:19
** Rails loaded.
** Loading any Rails specific GemPlugins
** Signals ready.  TERM => stop.  USR2 => restart.  INT => stop (no restart).
** Rails signals registered.  HUP => reload (without restart).  It might not work well.
** Mongrel 1.1.5 available at 127.0.0.1:5000
** Writing PID file to tmp/pids/mongrel.5000.pid
** TERM signal received.
Loaded suite /usr/local/rvm/gems/ruby-1.8.7-p334/bin/mongrel_rails
Started

Finished in 0.000151 seconds.

0 tests, 0 assertions, 0 failures, 0 errors
** Daemonized, any open files are closed.  Look at tmp/pids/mongrel.5000.pid and log/mongrel.5000.log for info.
** Starting Mongrel listening at 127.0.0.1:5000
** Starting Rails with production environment...
** Daemonized, any open files are closed.  Look at tmp/pids/mongrel.5000.pid and log/mongrel.5000.log for info.
** Starting Mongrel listening at 127.0.0.1:5000
/usr/local/rvm/gems/ruby-1.8.7-p334/gems/mongrel-1.1.5/bin/../lib/mongrel/tcphack.rb:12:in `initialize_without_backlog': Address already in use - bind(2) (Errno::EADDRINUSE)
	from /usr/local/rvm/gems/ruby-1.8.7-p334/gems/mongrel-1.1.5/bin/../lib/mongrel/tcphack.rb:12:in `initialize'
	from /usr/local/rvm/gems/ruby-1.8.7-p334/gems/mongrel-1.1.5/bin/../lib/mongrel.rb:93:in `new'
	from /usr/local/rvm/gems/ruby-1.8.7-p334/gems/mongrel-1.1.5/bin/../lib/mongrel.rb:93:in `initialize'
	from /usr/local/rvm/gems/ruby-1.8.7-p334/gems/mongrel-1.1.5/bin/../lib/mongrel/configurator.rb:139:in `new'
	from /usr/local/rvm/gems/ruby-1.8.7-p334/gems/mongrel-1.1.5/bin/../lib/mongrel/configurator.rb:139:in `listener'
	from /usr/local/rvm/gems/ruby-1.8.7-p334/gems/mongrel-1.1.5/bin/mongrel_rails:99:in `cloaker_'
	from /usr/local/rvm/gems/ruby-1.8.7-p334/gems/mongrel-1.1.5/bin/../lib/mongrel/configurator.rb:50:in `call'
	from /usr/local/rvm/gems/ruby-1.8.7-p334/gems/mongrel-1.1.5/bin/../lib/mongrel/configurator.rb:50:in `initialize'
	from /usr/local/rvm/gems/ruby-1.8.7-p334/gems/mongrel-1.1.5/bin/mongrel_rails:84:in `new'
	from /usr/local/rvm/gems/ruby-1.8.7-p334/gems/mongrel-1.1.5/bin/mongrel_rails:84:in `run'
	from /usr/local/rvm/gems/ruby-1.8.7-p334/gems/mongrel-1.1.5/bin/../lib/mongrel/command.rb:212:in `run'
	from /usr/local/rvm/gems/ruby-1.8.7-p334/gems/mongrel-1.1.5/bin/mongrel_rails:281
	from /usr/local/rvm/gems/ruby-1.8.7-p334/bin/mongrel_rails:19:in `load'
	from /usr/local/rvm/gems/ruby-1.8.7-p334/bin/mongrel_rails:19
** Rails loaded.
** Loading any Rails specific GemPlugins
** Signals ready.  TERM => stop.  USR2 => restart.  INT => stop (no restart).
** Rails signals registered.  HUP => reload (without restart).  It might not work well.
** Mongrel 1.1.5 available at 127.0.0.1:5000
** Writing PID file to tmp/pids/mongrel.5000.pid
** TERM signal received.
Loaded suite /usr/local/rvm/gems/ruby-1.8.7-p334/bin/mongrel_rails
Started

Finished in 0.000215 seconds.

0 tests, 0 assertions, 0 failures, 0 errors
** Daemonized, any open files are closed.  Look at tmp/pids/mongrel.5000.pid and log/mongrel.5000.log for info.
** Starting Mongrel listening at 127.0.0.1:5000
** Starting Rails with production environment...
** Rails loaded.
** Loading any Rails specific GemPlugins
** Signals ready.  TERM => stop.  USR2 => restart.  INT => stop (no restart).
** Rails signals registered.  HUP => reload (without restart).  It might not work well.
** Mongrel 1.1.5 available at 127.0.0.1:5000
** Writing PID file to tmp/pids/mongrel.5000.pid
** TERM signal received.
Loaded suite /usr/local/rvm/gems/ruby-1.8.7-p334/bin/mongrel_rails
Started

Finished in 0.000163 seconds.

0 tests, 0 assertions, 0 failures, 0 errors
** Daemonized, any open files are closed.  Look at tmp/pids/mongrel.5000.pid and log/mongrel.5000.log for info.
** Starting Mongrel listening at 127.0.0.1:5000
** Starting Rails with production environment...
** Rails loaded.
** Loading any Rails specific GemPlugins
** Signals ready.  TERM => stop.  USR2 => restart.  INT => stop (no restart).
** Rails signals registered.  HUP => reload (without restart).  It might not work well.
** Mongrel 1.1.5 available at 127.0.0.1:5000
** Writing PID file to tmp/pids/mongrel.5000.pid
** TERM signal received.
Loaded suite /usr/local/rvm/gems/ruby-1.8.7-p334/bin/mongrel_rails
Started

Finished in 0.0002 seconds.

0 tests, 0 assertions, 0 failures, 0 errors
** Daemonized, any open files are closed.  Look at tmp/pids/mongrel.5000.pid and log/mongrel.5000.log for info.
** Starting Mongrel listening at 127.0.0.1:5000
** Starting Rails with production environment...
** Rails loaded.
** Loading any Rails specific GemPlugins
** Signals ready.  TERM => stop.  USR2 => restart.  INT => stop (no restart).
** Rails signals registered.  HUP => reload (without restart).  It might not work well.
** Mongrel 1.1.5 available at 127.0.0.1:5000
** Writing PID file to tmp/pids/mongrel.5000.pid
** TERM signal received.
Loaded suite /usr/local/rvm/gems/ruby-1.8.7-p334/bin/mongrel_rails
Started

Finished in 0.000195 seconds.

0 tests, 0 assertions, 0 failures, 0 errors
** Daemonized, any open files are closed.  Look at tmp/pids/mongrel.5000.pid and log/mongrel.5000.log for info.
** Starting Mongrel listening at 127.0.0.1:5000
** Starting Rails with production environment...
** Rails loaded.
** Loading any Rails specific GemPlugins
** Signals ready.  TERM => stop.  USR2 => restart.  INT => stop (no restart).
** Rails signals registered.  HUP => reload (without restart).  It might not work well.
** Mongrel 1.1.5 available at 127.0.0.1:5000
** Writing PID file to tmp/pids/mongrel.5000.pid
** TERM signal received.
Loaded suite /usr/local/rvm/gems/ruby-1.8.7-p334/bin/mongrel_rails
Started

Finished in 0.00034 seconds.

0 tests, 0 assertions, 0 failures, 0 errors
** Daemonized, any open files are closed.  Look at tmp/pids/mongrel.5000.pid and log/mongrel.5000.log for info.
** Starting Mongrel listening at 127.0.0.1:5000
** Starting Rails with production environment...
** Rails loaded.
** Loading any Rails specific GemPlugins
** Signals ready.  TERM => stop.  USR2 => restart.  INT => stop (no restart).
** Rails signals registered.  HUP => reload (without restart).  It might not work well.
** Mongrel 1.1.5 available at 127.0.0.1:5000
** Writing PID file to tmp/pids/mongrel.5000.pid
/var/rails/craveii/app/views/ownify/static_pages/list.rhtml:25: warning: don't put space before argument parentheses
** TERM signal received.
Thu Apr 28 04:14:59 -0400 2011: Reaping 1 threads for slow workers because of 'shutdown'
Waiting for 1 requests to finish, could take 60.0 seconds.
Thu Apr 28 04:15:05 -0400 2011: Reaping 1 threads for slow workers because of 'shutdown'
Waiting for 1 requests to finish, could take 60.0 seconds.
Thu Apr 28 04:15:11 -0400 2011: Reaping 1 threads for slow workers because of 'shutdown'
Waiting for 1 requests to finish, could take 60.0 seconds.
Thu Apr 28 04:15:17 -0400 2011: Reaping 1 threads for slow workers because of 'shutdown'
Waiting for 1 requests to finish, could take 60.0 seconds.
Thu Apr 28 04:15:23 -0400 2011: Reaping 1 threads for slow workers because of 'shutdown'
Waiting for 1 requests to finish, could take 60.0 seconds.
Thu Apr 28 04:15:29 -0400 2011: Reaping 1 threads for slow workers because of 'shutdown'
Waiting for 1 requests to finish, could take 60.0 seconds.
Thu Apr 28 04:15:35 -0400 2011: Reaping 1 threads for slow workers because of 'shutdown'
Waiting for 1 requests to finish, could take 60.0 seconds.
Thu Apr 28 04:15:41 -0400 2011: Reaping 1 threads for slow workers because of 'shutdown'
Waiting for 1 requests to finish, could take 60.0 seconds.
Thu Apr 28 04:15:47 -0400 2011: Reaping 1 threads for slow workers because of 'shutdown'
Waiting for 1 requests to finish, could take 60.0 seconds.
Thu Apr 28 04:15:53 -0400 2011: Reaping 1 threads for slow workers because of 'shutdown'
Waiting for 1 requests to finish, could take 60.0 seconds.
Thu Apr 28 04:15:59 -0400 2011: Reaping 1 threads for slow workers because of 'shutdown'
Thread #<Thread:0x2b4050d2d078 sleep> is too old, killing.
Loaded suite /usr/local/rvm/gems/ruby-1.8.7-p334/bin/mongrel_rails
Started

Finished in 0.000218 seconds.

0 tests, 0 assertions, 0 failures, 0 errors
** Daemonized, any open files are closed.  Look at tmp/pids/mongrel.5000.pid and log/mongrel.5000.log for info.
** Starting Mongrel listening at 127.0.0.1:5000
** Starting Rails with production environment...
** Rails loaded.
** Loading any Rails specific GemPlugins
** Signals ready.  TERM => stop.  USR2 => restart.  INT => stop (no restart).
** Rails signals registered.  HUP => reload (without restart).  It might not work well.
** Mongrel 1.1.5 available at 127.0.0.1:5000
** Writing PID file to tmp/pids/mongrel.5000.pid
** TERM signal received.
Loaded suite /usr/local/rvm/gems/ruby-1.8.7-p334/bin/mongrel_rails
Started

Finished in 0.000218 seconds.

0 tests, 0 assertions, 0 failures, 0 errors
** Daemonized, any open files are closed.  Look at tmp/pids/mongrel.5000.pid and log/mongrel.5000.log for info.
** Starting Mongrel listening at 127.0.0.1:5000
** Starting Rails with production environment...
** Rails loaded.
** Loading any Rails specific GemPlugins
** Signals ready.  TERM => stop.  USR2 => restart.  INT => stop (no restart).
** Rails signals registered.  HUP => reload (without restart).  It might not work well.
** Mongrel 1.1.5 available at 127.0.0.1:5000
** Writing PID file to tmp/pids/mongrel.5000.pid
** TERM signal received.
Loaded suite /usr/local/rvm/gems/ruby-1.8.7-p334/bin/mongrel_rails
Started

Finished in 0.000211 seconds.

0 tests, 0 assertions, 0 failures, 0 errors
** Daemonized, any open files are closed.  Look at tmp/pids/mongrel.5000.pid and log/mongrel.5000.log for info.
** Starting Mongrel listening at 127.0.0.1:5000
** Starting Rails with production environment...
** Rails loaded.
** Loading any Rails specific GemPlugins
** Signals ready.  TERM => stop.  USR2 => restart.  INT => stop (no restart).
** Rails signals registered.  HUP => reload (without restart).  It might not work well.
** Mongrel 1.1.5 available at 127.0.0.1:5000
** Writing PID file to tmp/pids/mongrel.5000.pid
** TERM signal received.
Loaded suite /usr/local/rvm/gems/ruby-1.8.7-p334/bin/mongrel_rails
Started

Finished in 0.000398 seconds.

0 tests, 0 assertions, 0 failures, 0 errors
** Daemonized, any open files are closed.  Look at tmp/pids/mongrel.5000.pid and log/mongrel.5000.log for info.
** Starting Mongrel listening at 127.0.0.1:5000
** Starting Rails with production environment...
** Rails loaded.
** Loading any Rails specific GemPlugins
** Signals ready.  TERM => stop.  USR2 => restart.  INT => stop (no restart).
** Rails signals registered.  HUP => reload (without restart).  It might not work well.
** Mongrel 1.1.5 available at 127.0.0.1:5000
** Writing PID file to tmp/pids/mongrel.5000.pid
** TERM signal received.
Loaded suite /usr/local/rvm/gems/ruby-1.8.7-p334/bin/mongrel_rails
Started

Finished in 0.000173 seconds.

0 tests, 0 assertions, 0 failures, 0 errors
** Daemonized, any open files are closed.  Look at tmp/pids/mongrel.5000.pid and log/mongrel.5000.log for info.
** Starting Mongrel listening at 127.0.0.1:5000
** Starting Rails with production environment...
** Rails loaded.
** Loading any Rails specific GemPlugins
** Signals ready.  TERM => stop.  USR2 => restart.  INT => stop (no restart).
** Rails signals registered.  HUP => reload (without restart).  It might not work well.
** Mongrel 1.1.5 available at 127.0.0.1:5000
** Writing PID file to tmp/pids/mongrel.5000.pid
** TERM signal received.
Loaded suite /usr/local/rvm/gems/ruby-1.8.7-p334/bin/mongrel_rails
Started

Finished in 0.000237 seconds.

0 tests, 0 assertions, 0 failures, 0 errors
** Daemonized, any open files are closed.  Look at tmp/pids/mongrel.5000.pid and log/mongrel.5000.log for info.
** Starting Mongrel listening at 127.0.0.1:5000
** Starting Rails with production environment...
** Rails loaded.
** Loading any Rails specific GemPlugins
** Signals ready.  TERM => stop.  USR2 => restart.  INT => stop (no restart).
** Rails signals registered.  HUP => reload (without restart).  It might not work well.
** Mongrel 1.1.5 available at 127.0.0.1:5000
** Writing PID file to tmp/pids/mongrel.5000.pid
** TERM signal received.
Loaded suite /usr/local/rvm/gems/ruby-1.8.7-p334/bin/mongrel_rails
Started

Finished in 0.00021 seconds.

0 tests, 0 assertions, 0 failures, 0 errors
** Daemonized, any open files are closed.  Look at tmp/pids/mongrel.5000.pid and log/mongrel.5000.log for info.
** Starting Mongrel listening at 127.0.0.1:5000
** Starting Rails with production environment...
** Rails loaded.
** Loading any Rails specific GemPlugins
** Signals ready.  TERM => stop.  USR2 => restart.  INT => stop (no restart).
** Rails signals registered.  HUP => reload (without restart).  It might not work well.
** Mongrel 1.1.5 available at 127.0.0.1:5000
** Writing PID file to tmp/pids/mongrel.5000.pid
/var/rails/craveii/app/views/ownify/news/list.rhtml:24: warning: don't put space before argument parentheses
** TERM signal received.
Loaded suite /usr/local/rvm/gems/ruby-1.8.7-p334/bin/mongrel_rails
Started

Finished in 0.000206 seconds.

0 tests, 0 assertions, 0 failures, 0 errors
** Daemonized, any open files are closed.  Look at tmp/pids/mongrel.5000.pid and log/mongrel.5000.log for info.
** Starting Mongrel listening at 64.207.149.80:5000
** Starting Rails with production environment...
** Rails loaded.
** Loading any Rails specific GemPlugins
** Signals ready.  TERM => stop.  USR2 => restart.  INT => stop (no restart).
** Rails signals registered.  HUP => reload (without restart).  It might not work well.
** Mongrel 1.1.5 available at 64.207.149.80:5000
** Writing PID file to tmp/pids/mongrel.5000.pid
** TERM signal received.
Loaded suite /usr/local/rvm/gems/ruby-1.8.7-p334/bin/mongrel_rails
Started

Finished in 0.000215 seconds.

0 tests, 0 assertions, 0 failures, 0 errors
** Daemonized, any open files are closed.  Look at tmp/pids/mongrel.5000.pid and log/mongrel.5000.log for info.
** Starting Mongrel listening at 127.0.0.1:5000
** Starting Rails with production environment...
** Rails loaded.
** Loading any Rails specific GemPlugins
** Signals ready.  TERM => stop.  USR2 => restart.  INT => stop (no restart).
** Rails signals registered.  HUP => reload (without restart).  It might not work well.
** Mongrel 1.1.5 available at 127.0.0.1:5000
** Writing PID file to tmp/pids/mongrel.5000.pid
** TERM signal received.
Loaded suite /usr/local/rvm/gems/ruby-1.8.7-p334/bin/mongrel_rails
Started

Finished in 0.000192 seconds.

0 tests, 0 assertions, 0 failures, 0 errors
** Daemonized, any open files are closed.  Look at tmp/pids/mongrel.5000.pid and log/mongrel.5000.log for info.
** Starting Mongrel listening at 127.0.0.1:5000
** Starting Rails with production environment...
** Rails loaded.
** Loading any Rails specific GemPlugins
** Signals ready.  TERM => stop.  USR2 => restart.  INT => stop (no restart).
** Rails signals registered.  HUP => reload (without restart).  It might not work well.
** Mongrel 1.1.5 available at 127.0.0.1:5000
** Writing PID file to tmp/pids/mongrel.5000.pid
** TERM signal received.
Loaded suite /usr/local/rvm/gems/ruby-1.8.7-p334/bin/mongrel_rails
Started

Finished in 0.000196 seconds.

0 tests, 0 assertions, 0 failures, 0 errors
** Daemonized, any open files are closed.  Look at tmp/pids/mongrel.5000.pid and log/mongrel.5000.log for info.
** Starting Mongrel listening at 127.0.0.1:5000
** Starting Rails with production environment...
** Rails loaded.
** Loading any Rails specific GemPlugins
** Signals ready.  TERM => stop.  USR2 => restart.  INT => stop (no restart).
** Rails signals registered.  HUP => reload (without restart).  It might not work well.
** Mongrel 1.1.5 available at 127.0.0.1:5000
** Writing PID file to tmp/pids/mongrel.5000.pid
** TERM signal received.
Loaded suite /usr/local/rvm/gems/ruby-1.8.7-p334/bin/mongrel_rails
Started

Finished in 0.00022 seconds.

0 tests, 0 assertions, 0 failures, 0 errors
** Daemonized, any open files are closed.  Look at tmp/pids/mongrel.5000.pid and log/mongrel.5000.log for info.
** Starting Mongrel listening at 127.0.0.1:5000
** Starting Rails with production environment...
** Rails loaded.
** Loading any Rails specific GemPlugins
** Signals ready.  TERM => stop.  USR2 => restart.  INT => stop (no restart).
** Rails signals registered.  HUP => reload (without restart).  It might not work well.
** Mongrel 1.1.5 available at 127.0.0.1:5000
** Writing PID file to tmp/pids/mongrel.5000.pid
** TERM signal received.
Loaded suite /usr/local/rvm/gems/ruby-1.8.7-p334/bin/mongrel_rails
Started

Finished in 0.000318 seconds.

0 tests, 0 assertions, 0 failures, 0 errors
** Daemonized, any open files are closed.  Look at tmp/pids/mongrel.5000.pid and log/mongrel.5000.log for info.
** Starting Mongrel listening at 127.0.0.1:5000
** Starting Rails with production environment...
** Rails loaded.
** Loading any Rails specific GemPlugins
** Signals ready.  TERM => stop.  USR2 => restart.  INT => stop (no restart).
** Rails signals registered.  HUP => reload (without restart).  It might not work well.
** Mongrel 1.1.5 available at 127.0.0.1:5000
** Writing PID file to tmp/pids/mongrel.5000.pid
** TERM signal received.
Loaded suite /usr/local/rvm/gems/ruby-1.8.7-p334/bin/mongrel_rails
Started

Finished in 0.000214 seconds.

0 tests, 0 assertions, 0 failures, 0 errors
** Daemonized, any open files are closed.  Look at tmp/pids/mongrel.5000.pid and log/mongrel.5000.log for info.
** Starting Mongrel listening at 127.0.0.1:5000
** Starting Rails with production environment...
** Rails loaded.
** Loading any Rails specific GemPlugins
** Signals ready.  TERM => stop.  USR2 => restart.  INT => stop (no restart).
** Rails signals registered.  HUP => reload (without restart).  It might not work well.
** Mongrel 1.1.5 available at 127.0.0.1:5000
** Writing PID file to tmp/pids/mongrel.5000.pid
** TERM signal received.
Loaded suite /usr/local/rvm/gems/ruby-1.8.7-p334/bin/mongrel_rails
Started

Finished in 0.000218 seconds.

0 tests, 0 assertions, 0 failures, 0 errors
** Daemonized, any open files are closed.  Look at tmp/pids/mongrel.5000.pid and log/mongrel.5000.log for info.
** Starting Mongrel listening at 127.0.0.1:5000
** Starting Rails with production environment...
** Rails loaded.
** Loading any Rails specific GemPlugins
** Signals ready.  TERM => stop.  USR2 => restart.  INT => stop (no restart).
** Rails signals registered.  HUP => reload (without restart).  It might not work well.
** Mongrel 1.1.5 available at 127.0.0.1:5000
** Writing PID file to tmp/pids/mongrel.5000.pid
** TERM signal received.
Loaded suite /usr/local/rvm/gems/ruby-1.8.7-p334/bin/mongrel_rails
Started

Finished in 0.000211 seconds.

0 tests, 0 assertions, 0 failures, 0 errors
** Daemonized, any open files are closed.  Look at tmp/pids/mongrel.5000.pid and log/mongrel.5000.log for info.
** Starting Mongrel listening at 127.0.0.1:5000
** Starting Rails with production environment...
** Rails loaded.
** Loading any Rails specific GemPlugins
** Signals ready.  TERM => stop.  USR2 => restart.  INT => stop (no restart).
** Rails signals registered.  HUP => reload (without restart).  It might not work well.
** Mongrel 1.1.5 available at 127.0.0.1:5000
** Writing PID file to tmp/pids/mongrel.5000.pid
** TERM signal received.
Loaded suite /usr/local/rvm/gems/ruby-1.8.7-p334/bin/mongrel_rails
Started

Finished in 0.000206 seconds.

0 tests, 0 assertions, 0 failures, 0 errors
** Daemonized, any open files are closed.  Look at tmp/pids/mongrel.5000.pid and log/mongrel.5000.log for info.
** Starting Mongrel listening at 127.0.0.1:5000
** Starting Rails with production environment...
** Rails loaded.
** Loading any Rails specific GemPlugins
** Signals ready.  TERM => stop.  USR2 => restart.  INT => stop (no restart).
** Rails signals registered.  HUP => reload (without restart).  It might not work well.
** Mongrel 1.1.5 available at 127.0.0.1:5000
** Writing PID file to tmp/pids/mongrel.5000.pid
** TERM signal received.
Loaded suite /usr/local/rvm/gems/ruby-1.8.7-p334/bin/mongrel_rails
Started

Finished in 0.000176 seconds.

0 tests, 0 assertions, 0 failures, 0 errors
** Daemonized, any open files are closed.  Look at tmp/pids/mongrel.5000.pid and log/mongrel.5000.log for info.
** Starting Mongrel listening at 127.0.0.1:5000
** Starting Rails with production environment...
** Rails loaded.
** Loading any Rails specific GemPlugins
** Signals ready.  TERM => stop.  USR2 => restart.  INT => stop (no restart).
** Rails signals registered.  HUP => reload (without restart).  It might not work well.
** Mongrel 1.1.5 available at 127.0.0.1:5000
** Writing PID file to tmp/pids/mongrel.5000.pid
cravecupcakes.comchamara** TERM signal received.
Loaded suite /usr/local/rvm/gems/ruby-1.8.7-p334/bin/mongrel_rails
Started

Finished in 0.000374 seconds.

0 tests, 0 assertions, 0 failures, 0 errors
** Daemonized, any open files are closed.  Look at tmp/pids/mongrel.5000.pid and log/mongrel.5000.log for info.
** Starting Mongrel listening at 127.0.0.1:5000
** Starting Rails with production environment...
** Rails loaded.
** Loading any Rails specific GemPlugins
** Signals ready.  TERM => stop.  USR2 => restart.  INT => stop (no restart).
** Rails signals registered.  HUP => reload (without restart).  It might not work well.
** Mongrel 1.1.5 available at 127.0.0.1:5000
** Writing PID file to tmp/pids/mongrel.5000.pid
/var/rails/craveii/app/views/ownify/static_pages/list.rhtml:25: warning: don't put space before argument parentheses
** TERM signal received.
Loaded suite /usr/local/rvm/gems/ruby-1.8.7-p334/bin/mongrel_rails
Started

Finished in 0.000225 seconds.

0 tests, 0 assertions, 0 failures, 0 errors
** Daemonized, any open files are closed.  Look at tmp/pids/mongrel.5000.pid and log/mongrel.5000.log for info.
** Starting Mongrel listening at 127.0.0.1:5000
** Starting Rails with production environment...
** Rails loaded.
** Loading any Rails specific GemPlugins
** Signals ready.  TERM => stop.  USR2 => restart.  INT => stop (no restart).
** Rails signals registered.  HUP => reload (without restart).  It might not work well.
** Mongrel 1.1.5 available at 127.0.0.1:5000
** Writing PID file to tmp/pids/mongrel.5000.pid
** TERM signal received.
Loaded suite /usr/local/rvm/gems/ruby-1.8.7-p334/bin/mongrel_rails
Started

Finished in 0.000248 seconds.

0 tests, 0 assertions, 0 failures, 0 errors
** Daemonized, any open files are closed.  Look at tmp/pids/mongrel.5000.pid and log/mongrel.5000.log for info.
** Starting Mongrel listening at 127.0.0.1:5000
** Starting Rails with production environment...
** Rails loaded.
** Loading any Rails specific GemPlugins
** Signals ready.  TERM => stop.  USR2 => restart.  INT => stop (no restart).
** Rails signals registered.  HUP => reload (without restart).  It might not work well.
** Mongrel 1.1.5 available at 127.0.0.1:5000
** Writing PID file to tmp/pids/mongrel.5000.pid
/var/rails/craveii/app/views/ownify/news/list.rhtml:24: warning: don't put space before argument parentheses
/var/rails/craveii/app/views/ownify/static_pages/list.rhtml:25: warning: don't put space before argument parentheses
** TERM signal received.
Loaded suite /usr/local/rvm/gems/ruby-1.8.7-p334/bin/mongrel_rails
Started

Finished in 0.000258 seconds.

0 tests, 0 assertions, 0 failures, 0 errors
** Daemonized, any open files are closed.  Look at tmp/pids/mongrel.5000.pid and log/mongrel.5000.log for info.
** Starting Mongrel listening at 127.0.0.1:5000
** Starting Rails with production environment...
** Rails loaded.
** Loading any Rails specific GemPlugins
** Signals ready.  TERM => stop.  USR2 => restart.  INT => stop (no restart).
** Rails signals registered.  HUP => reload (without restart).  It might not work well.
** Mongrel 1.1.5 available at 127.0.0.1:5000
** Writing PID file to tmp/pids/mongrel.5000.pid
/var/rails/craveii/app/views/ownify/news/list.rhtml:24: warning: don't put space before argument parentheses
** TERM signal received.
Loaded suite /usr/local/rvm/gems/ruby-1.8.7-p334/bin/mongrel_rails
Started

Finished in 0.000236 seconds.

0 tests, 0 assertions, 0 failures, 0 errors
** Daemonized, any open files are closed.  Look at tmp/pids/mongrel.5000.pid and log/mongrel.5000.log for info.
** Starting Mongrel listening at 127.0.0.1:5000
** Starting Rails with production environment...
** Rails loaded.
** Loading any Rails specific GemPlugins
** Signals ready.  TERM => stop.  USR2 => restart.  INT => stop (no restart).
** Rails signals registered.  HUP => reload (without restart).  It might not work well.
** Mongrel 1.1.5 available at 127.0.0.1:5000
** Writing PID file to tmp/pids/mongrel.5000.pid
** TERM signal received.
Loaded suite /usr/local/rvm/gems/ruby-1.8.7-p334/bin/mongrel_rails
Started

Finished in 0.000224 seconds.

0 tests, 0 assertions, 0 failures, 0 errors
** Daemonized, any open files are closed.  Look at tmp/pids/mongrel.5000.pid and log/mongrel.5000.log for info.
** Starting Mongrel listening at 127.0.0.1:5000
** Starting Rails with production environment...
** Rails loaded.
** Loading any Rails specific GemPlugins
** Signals ready.  TERM => stop.  USR2 => restart.  INT => stop (no restart).
** Rails signals registered.  HUP => reload (without restart).  It might not work well.
** Mongrel 1.1.5 available at 127.0.0.1:5000
** Writing PID file to tmp/pids/mongrel.5000.pid
** TERM signal received.
Loaded suite /usr/local/rvm/gems/ruby-1.8.7-p334/bin/mongrel_rails
Started

Finished in 0.000235 seconds.

0 tests, 0 assertions, 0 failures, 0 errors
** Daemonized, any open files are closed.  Look at tmp/pids/mongrel.5000.pid and log/mongrel.5000.log for info.
** Starting Mongrel listening at 127.0.0.1:5000
** Starting Rails with production environment...
** Rails loaded.
** Loading any Rails specific GemPlugins
** Signals ready.  TERM => stop.  USR2 => restart.  INT => stop (no restart).
** Rails signals registered.  HUP => reload (without restart).  It might not work well.
** Mongrel 1.1.5 available at 127.0.0.1:5000
** Writing PID file to tmp/pids/mongrel.5000.pid
** TERM signal received.
Loaded suite /usr/local/rvm/gems/ruby-1.8.7-p334/bin/mongrel_rails
Started

Finished in 0.000182 seconds.

0 tests, 0 assertions, 0 failures, 0 errors
** Daemonized, any open files are closed.  Look at tmp/pids/mongrel.5000.pid and log/mongrel.5000.log for info.
** Starting Mongrel listening at 127.0.0.1:5000
** Starting Rails with production environment...
** Rails loaded.
** Loading any Rails specific GemPlugins
** Signals ready.  TERM => stop.  USR2 => restart.  INT => stop (no restart).
** Rails signals registered.  HUP => reload (without restart).  It might not work well.
** Mongrel 1.1.5 available at 127.0.0.1:5000
** Writing PID file to tmp/pids/mongrel.5000.pid
** TERM signal received.
Loaded suite /usr/local/rvm/gems/ruby-1.8.7-p334/bin/mongrel_rails
Started

Finished in 0.000289 seconds.

0 tests, 0 assertions, 0 failures, 0 errors
** Daemonized, any open files are closed.  Look at tmp/pids/mongrel.5000.pid and log/mongrel.5000.log for info.
** Starting Mongrel listening at 127.0.0.1:5000
** Starting Rails with production environment...
** Rails loaded.
** Loading any Rails specific GemPlugins
** Signals ready.  TERM => stop.  USR2 => restart.  INT => stop (no restart).
** Rails signals registered.  HUP => reload (without restart).  It might not work well.
** Mongrel 1.1.5 available at 127.0.0.1:5000
** Writing PID file to tmp/pids/mongrel.5000.pid
** TERM signal received.
Loaded suite /usr/local/rvm/gems/ruby-1.8.7-p334/bin/mongrel_rails
Started

Finished in 0.000204 seconds.

0 tests, 0 assertions, 0 failures, 0 errors
** Daemonized, any open files are closed.  Look at tmp/pids/mongrel.5000.pid and log/mongrel.5000.log for info.
** Starting Mongrel listening at 127.0.0.1:5000
** Starting Rails with production environment...
** Rails loaded.
** Loading any Rails specific GemPlugins
** Signals ready.  TERM => stop.  USR2 => restart.  INT => stop (no restart).
** Rails signals registered.  HUP => reload (without restart).  It might not work well.
** Mongrel 1.1.5 available at 127.0.0.1:5000
** Writing PID file to tmp/pids/mongrel.5000.pid
** TERM signal received.
Loaded suite /usr/local/rvm/gems/ruby-1.8.7-p334/bin/mongrel_rails
Started

Finished in 0.000187 seconds.

0 tests, 0 assertions, 0 failures, 0 errors
** Daemonized, any open files are closed.  Look at tmp/pids/mongrel.5000.pid and log/mongrel.5000.log for info.
** Starting Mongrel listening at 127.0.0.1:5000
** Starting Rails with production environment...
** Rails loaded.
** Loading any Rails specific GemPlugins
** Signals ready.  TERM => stop.  USR2 => restart.  INT => stop (no restart).
** Rails signals registered.  HUP => reload (without restart).  It might not work well.
** Mongrel 1.1.5 available at 127.0.0.1:5000
** Writing PID file to tmp/pids/mongrel.5000.pid
** TERM signal received.
Loaded suite /usr/local/rvm/gems/ruby-1.8.7-p334/bin/mongrel_rails
Started

Finished in 0.000264 seconds.

0 tests, 0 assertions, 0 failures, 0 errors
** Daemonized, any open files are closed.  Look at tmp/pids/mongrel.5000.pid and log/mongrel.5000.log for info.
** Starting Mongrel listening at 127.0.0.1:5000
** Starting Rails with production environment...
** Rails loaded.
** Loading any Rails specific GemPlugins
** Signals ready.  TERM => stop.  USR2 => restart.  INT => stop (no restart).
** Rails signals registered.  HUP => reload (without restart).  It might not work well.
** Mongrel 1.1.5 available at 127.0.0.1:5000
** Writing PID file to tmp/pids/mongrel.5000.pid
Wed Jun 08 09:21:45 -0400 2011: HTTP parse error, malformed request (127.0.0.1): #<Mongrel::HttpParserError: Invalid HTTP format, parsing fails.>
Wed Jun 08 09:21:45 -0400 2011: REQUEST DATA: "GET /error_docs/bad_gateway.html HTTP/1.1\r\nHost: 64.207.149.80\r\r\nAccept-Encoding: identity\r\nUser-Agent: Python-urllib/2.5\r\nX-Forwarded-For: 195.137.213.252, 195.137.213.252\r\nX-Forwarded-Host: 64.207.149.80\r, 64.207.149.80\r\r\nX-Forwarded-Server: cravecupcakes.com, cravecupcakes.com\r\nConnection: Keep-Alive\r\n\r\n"
---
PARAMS: {"HTTP_HOST"=>"64.207.149.80", "REQUEST_PATH"=>"/error_docs/bad_gateway.html", "HTTP_VERSION"=>"HTTP/1.1", "REQUEST_URI"=>"/error_docs/bad_gateway.html", "REQUEST_METHOD"=>"GET"}
---
/var/rails/craveii/app/views/ownify/static_pages/list.rhtml:25: warning: don't put space before argument parentheses
/var/rails/craveii/app/views/ownify/news/list.rhtml:24: warning: don't put space before argument parentheses
Sun Jul 10 02:21:22 -0400 2011: HTTP parse error, malformed request (127.0.0.1): #<Mongrel::HttpParserError: Invalid HTTP format, parsing fails.>
Sun Jul 10 02:21:22 -0400 2011: REQUEST DATA: "GET /error_docs/bad_gateway.html HTTP/1.1\r\nHost: 64.207.149.80\r\r\nAccept-Encoding: identity\r\nUser-agent: Python-urllib/2.4\r\nX-Forwarded-For: 206.123.88.251, 206.123.88.251\r\nX-Forwarded-Host: 64.207.149.80\r, 64.207.149.80\r\r\nX-Forwarded-Server: cravecupcakes.com, cravecupcakes.com\r\nConnection: Keep-Alive\r\n\r\n"
---
PARAMS: {"HTTP_HOST"=>"64.207.149.80", "REQUEST_PATH"=>"/error_docs/bad_gateway.html", "HTTP_VERSION"=>"HTTP/1.1", "REQUEST_URI"=>"/error_docs/bad_gateway.html", "REQUEST_METHOD"=>"GET"}
---
Sun Jul 10 03:32:52 -0400 2011: HTTP parse error, malformed request (127.0.0.1): #<Mongrel::HttpParserError: Invalid HTTP format, parsing fails.>
Sun Jul 10 03:32:52 -0400 2011: REQUEST DATA: "GET /error_docs/bad_gateway.html HTTP/1.1\r\nHost: 64.207.149.80\r\r\nAccept-Encoding: identity\r\nUser-agent: Python-urllib/2.4\r\nX-Forwarded-For: 206.123.88.251, 206.123.88.251\r\nX-Forwarded-Host: 64.207.149.80\r, 64.207.149.80\r\r\nX-Forwarded-Server: cravecupcakes.com, cravecupcakes.com\r\nConnection: Keep-Alive\r\n\r\n"
---
PARAMS: {"HTTP_HOST"=>"64.207.149.80", "REQUEST_PATH"=>"/error_docs/bad_gateway.html", "HTTP_VERSION"=>"HTTP/1.1", "REQUEST_URI"=>"/error_docs/bad_gateway.html", "REQUEST_METHOD"=>"GET"}
---
Mon Jul 11 18:04:58 -0400 2011: HTTP parse error, malformed request (127.0.0.1): #<Mongrel::HttpParserError: Invalid HTTP format, parsing fails.>
Mon Jul 11 18:04:58 -0400 2011: REQUEST DATA: "GET /error_docs/bad_gateway.html HTTP/1.1\r\nHost: 64.207.149.80\r\r\nAccept-Encoding: identity\r\nUser-agent: Python-urllib/2.4\r\nX-Forwarded-For: 208.43.166.34, 208.43.166.34\r\nX-Forwarded-Host: 64.207.149.80\r, 64.207.149.80\r\r\nX-Forwarded-Server: cravecupcakes.com, cravecupcakes.com\r\nConnection: Keep-Alive\r\n\r\n"
---
PARAMS: {"HTTP_HOST"=>"64.207.149.80", "REQUEST_PATH"=>"/error_docs/bad_gateway.html", "HTTP_VERSION"=>"HTTP/1.1", "REQUEST_URI"=>"/error_docs/bad_gateway.html", "REQUEST_METHOD"=>"GET"}
---
Mon Jul 11 18:18:03 -0400 2011: HTTP parse error, malformed request (127.0.0.1): #<Mongrel::HttpParserError: Invalid HTTP format, parsing fails.>
Mon Jul 11 18:18:03 -0400 2011: REQUEST DATA: "GET /appConf.htm HTTP/1.1\r\nHost: 64.207.149.80\r\r\nAccept-Encoding: identity\r\nUser-agent: Python-urllib/2.4\r\nX-Forwarded-For: 208.43.166.34\r\nX-Forwarded-Host: 64.207.149.80\r\r\nX-Forwarded-Server: cravecupcakes.com\r\nConnection: Keep-Alive\r\n\r\n"
---
PARAMS: {"HTTP_HOST"=>"64.207.149.80", "REQUEST_PATH"=>"/appConf.htm", "HTTP_VERSION"=>"HTTP/1.1", "REQUEST_URI"=>"/appConf.htm", "REQUEST_METHOD"=>"GET"}
---
** TERM signal received.
Loaded suite /usr/local/rvm/gems/ruby-1.8.7-p334/bin/mongrel_rails
Started

Finished in 0.000164 seconds.

0 tests, 0 assertions, 0 failures, 0 errors
** Daemonized, any open files are closed.  Look at tmp/pids/mongrel.5000.pid and log/mongrel.5000.log for info.
** Starting Mongrel listening at 127.0.0.1:5000
** Starting Rails with production environment...
** Rails loaded.
** Loading any Rails specific GemPlugins
** Signals ready.  TERM => stop.  USR2 => restart.  INT => stop (no restart).
** Rails signals registered.  HUP => reload (without restart).  It might not work well.
** Mongrel 1.1.5 available at 127.0.0.1:5000
** Writing PID file to tmp/pids/mongrel.5000.pid
** TERM signal received.
Loaded suite /usr/local/rvm/gems/ruby-1.8.7-p334/bin/mongrel_rails
Started

Finished in 0.000205 seconds.

0 tests, 0 assertions, 0 failures, 0 errors
** Daemonized, any open files are closed.  Look at tmp/pids/mongrel.5000.pid and log/mongrel.5000.log for info.
** Starting Mongrel listening at 127.0.0.1:5000
** Starting Rails with production environment...
** Rails loaded.
** Loading any Rails specific GemPlugins
** Signals ready.  TERM => stop.  USR2 => restart.  INT => stop (no restart).
** Rails signals registered.  HUP => reload (without restart).  It might not work well.
** Mongrel 1.1.5 available at 127.0.0.1:5000
** Writing PID file to tmp/pids/mongrel.5000.pid
** TERM signal received.
Loaded suite /usr/local/rvm/gems/ruby-1.8.7-p334/bin/mongrel_rails
Started

Finished in 0.000345 seconds.

0 tests, 0 assertions, 0 failures, 0 errors
** Daemonized, any open files are closed.  Look at tmp/pids/mongrel.5000.pid and log/mongrel.5000.log for info.
** Starting Mongrel listening at 127.0.0.1:5000
** Starting Rails with production environment...
** Rails loaded.
** Loading any Rails specific GemPlugins
** Signals ready.  TERM => stop.  USR2 => restart.  INT => stop (no restart).
** Rails signals registered.  HUP => reload (without restart).  It might not work well.
** Mongrel 1.1.5 available at 127.0.0.1:5000
** Writing PID file to tmp/pids/mongrel.5000.pid
Error sending file /var/rails/craveii/public/images/cupcake/image_file/46/GermanChocolateformenupage.jpg: Connection reset by peer
** TERM signal received.
Loaded suite /usr/local/rvm/gems/ruby-1.8.7-p334/bin/mongrel_rails
Started

Finished in 0.000228 seconds.

0 tests, 0 assertions, 0 failures, 0 errors
** Daemonized, any open files are closed.  Look at tmp/pids/mongrel.5000.pid and log/mongrel.5000.log for info.
** Starting Mongrel listening at 127.0.0.1:5000
** Starting Rails with production environment...
** Rails loaded.
** Loading any Rails specific GemPlugins
** Signals ready.  TERM => stop.  USR2 => restart.  INT => stop (no restart).
** Rails signals registered.  HUP => reload (without restart).  It might not work well.
** Mongrel 1.1.5 available at 127.0.0.1:5000
** Writing PID file to tmp/pids/mongrel.5000.pid
** TERM signal received.
Loaded suite /usr/local/rvm/gems/ruby-1.8.7-p334/bin/mongrel_rails
Started

Finished in 0.000331 seconds.

0 tests, 0 assertions, 0 failures, 0 errors
** Daemonized, any open files are closed.  Look at tmp/pids/mongrel.5000.pid and log/mongrel.5000.log for info.
** Starting Mongrel listening at 127.0.0.1:5000
** Starting Rails with production environment...
** Rails loaded.
** Loading any Rails specific GemPlugins
** Signals ready.  TERM => stop.  USR2 => restart.  INT => stop (no restart).
** Rails signals registered.  HUP => reload (without restart).  It might not work well.
** Mongrel 1.1.5 available at 127.0.0.1:5000
** Writing PID file to tmp/pids/mongrel.5000.pid
/var/rails/craveii/app/views/ownify/static_pages/list.rhtml:25: warning: don't put space before argument parentheses
Wed Aug 17 11:27:42 -0400 2011: HTTP parse error, malformed request (127.0.0.1): #<Mongrel::HttpParserError: Invalid HTTP format, parsing fails.>
Wed Aug 17 11:27:42 -0400 2011: REQUEST DATA: "GET / HTTP/1.1\r\nHost: 64.207.149.80\r\r\nAccept-Encoding: identity\r\nUser-agent: Python-urllib/2.4\r\nX-Forwarded-For: 75.126.191.50\r\nX-Forwarded-Host: 64.207.149.80\r\r\nX-Forwarded-Server: cravecupcakes.com\r\nConnection: Keep-Alive\r\n\r\n"
---
PARAMS: {"HTTP_HOST"=>"64.207.149.80", "REQUEST_PATH"=>"/", "HTTP_VERSION"=>"HTTP/1.1", "REQUEST_URI"=>"/", "REQUEST_METHOD"=>"GET"}
---
Error sending file /var/rails/craveii/public/images/cupcake/image_file/46/GermanChocolateformenupage.jpg: Connection reset by peer
** TERM signal received.
Loaded suite /usr/local/rvm/gems/ruby-1.8.7-p334/bin/mongrel_rails
Started

Finished in 0.000176 seconds.

0 tests, 0 assertions, 0 failures, 0 errors
** Daemonized, any open files are closed.  Look at tmp/pids/mongrel.5000.pid and log/mongrel.5000.log for info.
** Starting Mongrel listening at 127.0.0.1:5000
** Starting Rails with production environment...
** Rails loaded.
** Loading any Rails specific GemPlugins
** Signals ready.  TERM => stop.  USR2 => restart.  INT => stop (no restart).
** Rails signals registered.  HUP => reload (without restart).  It might not work well.
** Mongrel 1.1.5 available at 127.0.0.1:5000
** Writing PID file to tmp/pids/mongrel.5000.pid
/var/rails/craveii/app/views/ownify/static_pages/list.rhtml:25: warning: don't put space before argument parentheses
** TERM signal received.
Loaded suite /usr/local/rvm/gems/ruby-1.8.7-p334/bin/mongrel_rails
Started

Finished in 0.000342 seconds.

0 tests, 0 assertions, 0 failures, 0 errors
** Daemonized, any open files are closed.  Look at tmp/pids/mongrel.5000.pid and log/mongrel.5000.log for info.
** Starting Mongrel listening at 127.0.0.1:5000
** Starting Rails with production environment...
** Rails loaded.
** Loading any Rails specific GemPlugins
** Signals ready.  TERM => stop.  USR2 => restart.  INT => stop (no restart).
** Rails signals registered.  HUP => reload (without restart).  It might not work well.
** Mongrel 1.1.5 available at 127.0.0.1:5000
** Writing PID file to tmp/pids/mongrel.5000.pid
/var/rails/craveii/app/views/ownify/care/list.rhtml:24: warning: don't put space before argument parentheses
/var/rails/craveii/app/views/ownify/static_pages/list.rhtml:25: warning: don't put space before argument parentheses
Error sending file /var/rails/craveii/public/images/cupcake/thumb_image/46/GermanChocolateformenupage.jpg: Connection reset by peer
Error sending file /var/rails/craveii/public/styles/forms.css: Broken pipe
Error sending file /var/rails/craveii/public/javascripts/jquery_fx.js: Broken pipeError sending file /var/rails/craveii/public/styles/base.css: Broken pipe

Error sending file /var/rails/craveii/public/styles/base.css: Broken pipe
Error sending file /var/rails/craveii/public/styles/base.css: Broken pipe
Error sending file /var/rails/craveii/public/javascripts/jquery.cycle.all.min.js: Broken pipe
Error sending file /var/rails/craveii/public/styles/base.css: Broken pipe
Error sending file /var/rails/craveii/public/javascripts/jquery.cycle.all.min.js: Broken pipeError sending file /var/rails/craveii/public/styles/base.css: Broken pipe

Error sending file /var/rails/craveii/public/styles/base.css: Broken pipe
Error sending file /var/rails/craveii/public/javascripts/jquery.cycle.all.min.js: Broken pipe
Error sending file /var/rails/craveii/public/javascripts/jquery_fx.js: Broken pipe
Error sending file /var/rails/craveii/public/styles/jquery-ui-1.7.1.custom.css: Broken pipe
Error sending file /var/rails/craveii/public/images/cupcake/image_file/12/single_hummingbird.jpg: Broken pipe
/var/rails/craveii/app/views/ownify/news/list.rhtml:24: warning: don't put space before argument parentheses
Sat Oct 22 02:47:23 -0400 2011: HTTP parse error, malformed request (127.0.0.1): #<Mongrel::HttpParserError: Invalid HTTP format, parsing fails.>
Sat Oct 22 02:47:23 -0400 2011: REQUEST DATA: "GET / HTTP/1.1\r\nHost: 64.207.149.80\r\r\nAccept-Encoding: identity\r\nUser-agent: Python-urllib/2.4\r\nX-Forwarded-For: 89.107.226.162\r\nX-Forwarded-Host: 64.207.149.80\r\r\nX-Forwarded-Server: cravecupcakes.com\r\nConnection: Keep-Alive\r\n\r\n"
---
PARAMS: {"HTTP_HOST"=>"64.207.149.80", "REQUEST_PATH"=>"/", "HTTP_VERSION"=>"HTTP/1.1", "REQUEST_URI"=>"/", "REQUEST_METHOD"=>"GET"}
---
Mon Oct 24 15:55:17 -0400 2011: HTTP parse error, malformed request (127.0.0.1): #<Mongrel::HttpParserError: Invalid HTTP format, parsing fails.>
Mon Oct 24 15:55:17 -0400 2011: REQUEST DATA: "GET /appConf.htm HTTP/1.1\r\nHost: 64.207.149.80\r\r\nAccept-Encoding: identity\r\nUser-agent: Python-urllib/2.4\r\nX-Forwarded-For: 89.107.226.162\r\nX-Forwarded-Host: 64.207.149.80\r\r\nX-Forwarded-Server: cravecupcakes.com\r\nConnection: Keep-Alive\r\n\r\n"
---
PARAMS: {"HTTP_HOST"=>"64.207.149.80", "REQUEST_PATH"=>"/appConf.htm", "HTTP_VERSION"=>"HTTP/1.1", "REQUEST_URI"=>"/appConf.htm", "REQUEST_METHOD"=>"GET"}
---
Tue Oct 25 12:53:41 -0400 2011: Error reading HTTP body: #<RuntimeError: Socket read returned insufficient data: 6202>
/usr/local/rvm/gems/ruby-1.8.7-p334/gems/mongrel-1.1.5/bin/../lib/mongrel/http_request.rb:107:in `read_socket'
/usr/local/rvm/gems/ruby-1.8.7-p334/gems/mongrel-1.1.5/bin/../lib/mongrel/http_request.rb:86:in `read_body'
/usr/local/rvm/gems/ruby-1.8.7-p334/gems/mongrel-1.1.5/bin/../lib/mongrel/http_request.rb:55:in `initialize'
/usr/local/rvm/gems/ruby-1.8.7-p334/gems/mongrel-1.1.5/bin/../lib/mongrel.rb:149:in `new'
/usr/local/rvm/gems/ruby-1.8.7-p334/gems/mongrel-1.1.5/bin/../lib/mongrel.rb:149:in `process_client'
/usr/local/rvm/gems/ruby-1.8.7-p334/gems/mongrel-1.1.5/bin/../lib/mongrel.rb:285:in `run'
/usr/local/rvm/gems/ruby-1.8.7-p334/gems/mongrel-1.1.5/bin/../lib/mongrel.rb:285:in `initialize'
/usr/local/rvm/gems/ruby-1.8.7-p334/gems/mongrel-1.1.5/bin/../lib/mongrel.rb:285:in `new'
/usr/local/rvm/gems/ruby-1.8.7-p334/gems/mongrel-1.1.5/bin/../lib/mongrel.rb:285:in `run'
/usr/local/rvm/gems/ruby-1.8.7-p334/gems/mongrel-1.1.5/bin/../lib/mongrel.rb:268:in `initialize'
/usr/local/rvm/gems/ruby-1.8.7-p334/gems/mongrel-1.1.5/bin/../lib/mongrel.rb:268:in `new'
/usr/local/rvm/gems/ruby-1.8.7-p334/gems/mongrel-1.1.5/bin/../lib/mongrel.rb:268:in `run'
/usr/local/rvm/gems/ruby-1.8.7-p334/gems/mongrel-1.1.5/bin/../lib/mongrel/configurator.rb:282:in `run'
/usr/local/rvm/gems/ruby-1.8.7-p334/gems/mongrel-1.1.5/bin/../lib/mongrel/configurator.rb:281:in `each'
/usr/local/rvm/gems/ruby-1.8.7-p334/gems/mongrel-1.1.5/bin/../lib/mongrel/configurator.rb:281:in `run'
/usr/local/rvm/gems/ruby-1.8.7-p334/gems/mongrel-1.1.5/bin/mongrel_rails:128:in `run'
/usr/local/rvm/gems/ruby-1.8.7-p334/gems/mongrel-1.1.5/bin/../lib/mongrel/command.rb:212:in `run'
/usr/local/rvm/gems/ruby-1.8.7-p334/gems/mongrel-1.1.5/bin/mongrel_rails:281
/usr/local/rvm/gems/ruby-1.8.7-p334/bin/mongrel_rails:19:in `load'
/usr/local/rvm/gems/ruby-1.8.7-p334/bin/mongrel_rails:19
Sun Oct 30 04:13:18 -0400 2011: HTTP parse error, malformed request (127.0.0.1): #<Mongrel::HttpParserError: Invalid HTTP format, parsing fails.>
Sun Oct 30 04:13:18 -0400 2011: REQUEST DATA: "GET /error_docs/bad_gateway.html HTTP/1.1\r\nHost: 64.207.149.80\r\r\nAccept-Encoding: identity\r\nUser-agent: Python-urllib/2.4\r\nX-Forwarded-For: 89.107.226.162, 89.107.226.162\r\nX-Forwarded-Host: 64.207.149.80\r, 64.207.149.80\r\r\nX-Forwarded-Server: cravecupcakes.com, cravecupcakes.com\r\nConnection: Keep-Alive\r\n\r\n"
---
PARAMS: {"HTTP_HOST"=>"64.207.149.80", "REQUEST_PATH"=>"/error_docs/bad_gateway.html", "HTTP_VERSION"=>"HTTP/1.1", "REQUEST_URI"=>"/error_docs/bad_gateway.html", "REQUEST_METHOD"=>"GET"}
---
** TERM signal received.
Loaded suite /usr/local/rvm/gems/ruby-1.8.7-p334/bin/mongrel_rails
Started

Finished in 0.000168 seconds.

0 tests, 0 assertions, 0 failures, 0 errors
** Daemonized, any open files are closed.  Look at tmp/pids/mongrel.5000.pid and log/mongrel.5000.log for info.
** Starting Mongrel listening at 127.0.0.1:5000
** Starting Rails with production environment...
** Rails loaded.
** Loading any Rails specific GemPlugins
** Signals ready.  TERM => stop.  USR2 => restart.  INT => stop (no restart).
** Rails signals registered.  HUP => reload (without restart).  It might not work well.
** Mongrel 1.1.5 available at 127.0.0.1:5000
** Writing PID file to tmp/pids/mongrel.5000.pid
** TERM signal received.
Loaded suite /usr/local/rvm/gems/ruby-1.8.7-p334/bin/mongrel_rails
Started

Finished in 0.000281 seconds.

0 tests, 0 assertions, 0 failures, 0 errors
** Daemonized, any open files are closed.  Look at tmp/pids/mongrel.5000.pid and log/mongrel.5000.log for info.
** Starting Mongrel listening at 127.0.0.1:5000
** Starting Rails with production environment...
** Rails loaded.
** Loading any Rails specific GemPlugins
** Signals ready.  TERM => stop.  USR2 => restart.  INT => stop (no restart).
** Rails signals registered.  HUP => reload (without restart).  It might not work well.
** Mongrel 1.1.5 available at 127.0.0.1:5000
** Writing PID file to tmp/pids/mongrel.5000.pid
** TERM signal received.
Loaded suite /usr/local/rvm/gems/ruby-1.8.7-p334/bin/mongrel_rails
Started

Finished in 0.000271 seconds.

0 tests, 0 assertions, 0 failures, 0 errors
** Daemonized, any open files are closed.  Look at tmp/pids/mongrel.5000.pid and log/mongrel.5000.log for info.
** Starting Mongrel listening at 127.0.0.1:5000
** Starting Rails with production environment...
** Rails loaded.
** Loading any Rails specific GemPlugins
** Signals ready.  TERM => stop.  USR2 => restart.  INT => stop (no restart).
** Rails signals registered.  HUP => reload (without restart).  It might not work well.
** Mongrel 1.1.5 available at 127.0.0.1:5000
** Writing PID file to tmp/pids/mongrel.5000.pid
** TERM signal received.
Loaded suite /usr/local/rvm/gems/ruby-1.8.7-p334/bin/mongrel_rails
Started

Finished in 0.000373 seconds.

0 tests, 0 assertions, 0 failures, 0 errors
** Daemonized, any open files are closed.  Look at tmp/pids/mongrel.5000.pid and log/mongrel.5000.log for info.
** Starting Mongrel listening at 127.0.0.1:5000
** Starting Rails with production environment...
** Rails loaded.
** Loading any Rails specific GemPlugins
** Signals ready.  TERM => stop.  USR2 => restart.  INT => stop (no restart).
** Rails signals registered.  HUP => reload (without restart).  It might not work well.
** Mongrel 1.1.5 available at 127.0.0.1:5000
** Writing PID file to tmp/pids/mongrel.5000.pid
** TERM signal received.
Loaded suite /usr/local/rvm/gems/ruby-1.8.7-p334/bin/mongrel_rails
Started

Finished in 0.000262 seconds.

0 tests, 0 assertions, 0 failures, 0 errors
** Daemonized, any open files are closed.  Look at tmp/pids/mongrel.5000.pid and log/mongrel.5000.log for info.
** Starting Mongrel listening at 127.0.0.1:5000
** Starting Rails with production environment...
** Rails loaded.
** Loading any Rails specific GemPlugins
** Signals ready.  TERM => stop.  USR2 => restart.  INT => stop (no restart).
** Rails signals registered.  HUP => reload (without restart).  It might not work well.
** Mongrel 1.1.5 available at 127.0.0.1:5000
** Writing PID file to tmp/pids/mongrel.5000.pid
** TERM signal received.
Loaded suite /usr/local/rvm/gems/ruby-1.8.7-p334/bin/mongrel_rails
Started

Finished in 0.00016 seconds.

0 tests, 0 assertions, 0 failures, 0 errors
** Daemonized, any open files are closed.  Look at tmp/pids/mongrel.5000.pid and log/mongrel.5000.log for info.
** Starting Mongrel listening at 127.0.0.1:5000
** Starting Rails with production environment...
** Rails loaded.
** Loading any Rails specific GemPlugins
** Signals ready.  TERM => stop.  USR2 => restart.  INT => stop (no restart).
** Rails signals registered.  HUP => reload (without restart).  It might not work well.
** Mongrel 1.1.5 available at 127.0.0.1:5000
** Writing PID file to tmp/pids/mongrel.5000.pid
** TERM signal received.
Loaded suite /usr/local/rvm/gems/ruby-1.8.7-p334/bin/mongrel_rails
Started

Finished in 0.000174 seconds.

0 tests, 0 assertions, 0 failures, 0 errors
** Daemonized, any open files are closed.  Look at tmp/pids/mongrel.5000.pid and log/mongrel.5000.log for info.
** Starting Mongrel listening at 127.0.0.1:5000
** Starting Rails with production environment...
** Rails loaded.
** Loading any Rails specific GemPlugins
** Signals ready.  TERM => stop.  USR2 => restart.  INT => stop (no restart).
** Rails signals registered.  HUP => reload (without restart).  It might not work well.
** Mongrel 1.1.5 available at 127.0.0.1:5000
** Writing PID file to tmp/pids/mongrel.5000.pid
** TERM signal received.
Loaded suite /usr/local/rvm/gems/ruby-1.8.7-p334/bin/mongrel_rails
Started

Finished in 0.000227 seconds.

0 tests, 0 assertions, 0 failures, 0 errors
** Daemonized, any open files are closed.  Look at tmp/pids/mongrel.5000.pid and log/mongrel.5000.log for info.
** Starting Mongrel listening at 127.0.0.1:5000
** Starting Rails with production environment...
** Rails loaded.
** Loading any Rails specific GemPlugins
** Signals ready.  TERM => stop.  USR2 => restart.  INT => stop (no restart).
** Rails signals registered.  HUP => reload (without restart).  It might not work well.
** Mongrel 1.1.5 available at 127.0.0.1:5000
** Writing PID file to tmp/pids/mongrel.5000.pid
/var/rails/craveii/app/views/ownify/static_pages/list.rhtml:25: warning: don't put space before argument parentheses
Error sending file /var/rails/craveii/public/javascripts/jquery.cycle.all.min.js: Broken pipe
Error sending file /var/rails/craveii/public/images/ui/button_baked_fresh_daily.gif: Broken pipeError sending file /var/rails/craveii/public/images/ui/spacer.gif: Broken pipe
Error sending file /var/rails/craveii/public/images/cupcake/no_image.gif: Broken pipe

Error sending file /var/rails/craveii/public/favicon.ico: Broken pipe
Error sending file /var/rails/craveii/public/images/dyno_image/image/7/18cupcakes.jpg: Broken pipe
Mon Dec 05 18:18:26 -0500 2011: HTTP parse error, malformed request (127.0.0.1): #<Mongrel::HttpParserError: Invalid HTTP format, parsing fails.>
Mon Dec 05 18:18:26 -0500 2011: REQUEST DATA: "GET /error_docs/bad_gateway.html HTTP/1.1\r\nHost: 64.207.149.80\r\r\nAccept-Encoding: identity\r\nUser-agent: Python-urllib/2.4\r\nX-Forwarded-For: 89.107.227.234, 89.107.227.234\r\nX-Forwarded-Host: 64.207.149.80\r, 64.207.149.80\r\r\nX-Forwarded-Server: cravecupcakes.com, cravecupcakes.com\r\nConnection: Keep-Alive\r\n\r\n"
---
PARAMS: {"HTTP_HOST"=>"64.207.149.80", "REQUEST_PATH"=>"/error_docs/bad_gateway.html", "HTTP_VERSION"=>"HTTP/1.1", "REQUEST_URI"=>"/error_docs/bad_gateway.html", "REQUEST_METHOD"=>"GET"}
---
